<?xml version="1.0" encoding="UTF-8"?>
<!-- Generated by org.testng.reporters.JUnitReportReporter -->
<testsuite hostname="Lux-PC" failures="0" tests="5" name="TestSuites.AddUser" time="20.120" errors="0" timestamp="2023-11-21T19:58:41 SAST" skipped="0">
  <testcase classname="TestSuites.AddUser" name="addUser" time="15.836"/>
  <testcase classname="TestSuites.AddUser" name="addUser" time="0.064"/>
  <testcase classname="TestSuites.AddUser" name="addUser" time="0.189"/>
  <testcase classname="TestSuites.AddUser" name="addUser" time="3.896"/>
  <testcase classname="TestSuites.AddUser" name="addUser" time="0.135"/>
</testsuite> <!-- TestSuites.AddUser -->
