<?xml version="1.0" encoding="UTF-8"?>
<!-- Generated by org.testng.reporters.JUnitReportReporter -->
<testsuite hostname="Lux-PC" failures="0" tests="4" name="APITestSuite.DogBreeds" time="3.606" errors="0" timestamp="2023-11-22T02:21:41 SAST" skipped="0">
  <testcase classname="APITestSuite.DogBreeds" name="all_dog_breeds" time="1.824"/>
  <system-out/>
  <testcase classname="APITestSuite.DogBreeds" name="retriever_in_list" time="0.602"/>
  <system-out/>
  <testcase classname="APITestSuite.DogBreeds" name="retriever_sub_breeds" time="0.597"/>
  <system-out/>
  <testcase classname="APITestSuite.DogBreeds" name="sub_breed_golden_random_image" time="0.583"/>
  <system-out/>
</testsuite> <!-- APITestSuite.DogBreeds -->
